<?xml version="1.0" encoding="UTF-8"?>
<!-- Generated by org.testng.reporters.JUnitReportReporter -->
<testsuite hostname="MAZAMAN" failures="0" tests="1" name="com.testngAndSuperSub.qa.SubTwo" time="0.011" errors="0" timestamp="2024-11-08T18:37:59 EST" skipped="0">
  <testcase classname="com.testngAndSuperSub.qa.SubTwo" name="method3" time="0.011"/>
  <system-out/>
</testsuite> <!-- com.testngAndSuperSub.qa.SubTwo -->
